#-----------------------------------------------------------
# Vivado v2017.4.1 (64-bit)
# SW Build 2117270 on Tue Jan 30 15:32:00 MST 2018
# IP Build 2095745 on Tue Jan 30 17:13:15 MST 2018
# Start of session at: Sat Dec 29 16:43:27 2018
# Process ID: 23632
# Current directory: C:/Users/danes/Documents/repository/simple_platform
# Command line: vivado.exe -gui_launcher_event rodinguilauncherevent33712 C:\Users\danes\Documents\repository\simple_platform\simple_platform.xpr
# Log file: C:/Users/danes/Documents/repository/simple_platform/vivado.log
# Journal file: C:/Users/danes/Documents/repository/simple_platform\vivado.jou
#-----------------------------------------------------------
start_gui
open_project C:/Users/danes/Documents/repository/simple_platform/simple_platform.xpr
Scanning sources...
Finished scanning sources
INFO: [IP_Flow 19-234] Refreshing IP repositories
INFO: [IP_Flow 19-1704] No user IP repositories specified
INFO: [IP_Flow 19-2313] Loaded Vivado IP repository 'C:/Xilinx/Vivado/2017.4/data/ip'.
update_compile_order -fileset sources_1
exit
INFO: [Common 17-206] Exiting Vivado at Sat Dec 29 16:43:57 2018...
